virtualusb/proguard/seeds.txt
com.admogo.adapters.AdMogoAdapter: java.lang.ref.WeakReference adMogoLayoutReference
com.admogo.adapters.AdMogoAdapter: com.admogo.obj.Ration ration
com.admogo.adapters.AdMogoAdapter: com.admogo.adapters.AdMogoAdapter adapter
com.admogo.adapters.AdMogoAdapter: AdMogoAdapter(com.admogo.AdMogoLayout,com.admogo.obj.Ration)
com.admogo.adapters.AdMogoAdapter: com.admogo.adapters.AdMogoAdapter getAdapter(com.admogo.AdMogoLayout,com.admogo.obj.Ration)
com.admogo.adapters.AdMogoAdapter: com.admogo.adapters.AdMogoAdapter getNetworkAdapter(java.lang.String,com.admogo.AdMogoLayout,com.admogo.obj.Ration)
com.admogo.adapters.AdMogoAdapter: com.admogo.adapters.AdMogoAdapter unknownAdNetwork(com.admogo.AdMogoLayout,com.admogo.obj.Ration)
com.admogo.adapters.AdMogoAdapter: void handle(com.admogo.AdMogoLayout,com.admogo.obj.Ration)
com.admogo.adapters.AdMogoAdapter: void handle()
com.admogo.adapters.AdMogoAdapter: void finish()
com.admogo.AdMogoTargeting$Gender
com.admogo.AdMogoTargeting$Gender: com.admogo.AdMogoTargeting$Gender UNKNOWN
com.admogo.AdMogoTargeting$Gender: com.admogo.AdMogoTargeting$Gender MALE
com.admogo.AdMogoTargeting$Gender: com.admogo.AdMogoTargeting$Gender FEMALE
com.admogo.AdMogoTargeting$Gender: com.admogo.AdMogoTargeting$Gender[] ENUM$VALUES
com.admogo.AdMogoTargeting$Gender: void <clinit>()
com.admogo.AdMogoTargeting$Gender: AdMogoTargeting$Gender(java.lang.String,int)
com.admogo.AdMogoTargeting$Gender: com.admogo.AdMogoTargeting$Gender[] values()
com.admogo.AdMogoTargeting$Gender: com.admogo.AdMogoTargeting$Gender valueOf(java.lang.String)
com.admogo.adapters.GreystripeAdapter
com.admogo.adapters.GreystripeAdapter: com.greystripe.android.sdk.BannerView adView
com.admogo.adapters.GreystripeAdapter: android.app.Activity activity
com.admogo.adapters.GreystripeAdapter: com.greystripe.android.sdk.GSSDK sdk
com.admogo.adapters.GreystripeAdapter: GreystripeAdapter(com.admogo.AdMogoLayout,com.admogo.obj.Ration)
com.admogo.adapters.GreystripeAdapter: void handle()
com.admogo.adapters.GreystripeAdapter: void onFailedToReceiveAd(com.greystripe.android.sdk.BannerView)
com.admogo.adapters.GreystripeAdapter: void onReceivedAd(com.greystripe.android.sdk.BannerView)
com.admogo.adapters.GreystripeAdapter: void finish()
com.admogo.adapters.AdMogoAdapter: java.lang.ref.WeakReference adMogoLayoutReference
com.admogo.adapters.AdMogoAdapter: com.admogo.obj.Ration ration
com.admogo.adapters.AdMogoAdapter: com.admogo.adapters.AdMogoAdapter adapter
com.admogo.adapters.AdMogoAdapter: AdMogoAdapter(com.admogo.AdMogoLayout,com.admogo.obj.Ration)
com.admogo.adapters.AdMogoAdapter: com.admogo.adapters.AdMogoAdapter getAdapter(com.admogo.AdMogoLayout,com.admogo.obj.Ration)
com.admogo.adapters.AdMogoAdapter: com.admogo.adapters.AdMogoAdapter getNetworkAdapter(java.lang.String,com.admogo.AdMogoLayout,com.admogo.obj.Ration)
com.admogo.adapters.AdMogoAdapter: com.admogo.adapters.AdMogoAdapter unknownAdNetwork(com.admogo.AdMogoLayout,com.admogo.obj.Ration)
com.admogo.adapters.AdMogoAdapter: void handle(com.admogo.AdMogoLayout,com.admogo.obj.Ration)
com.admogo.adapters.AdMogoAdapter: void handle()
com.admogo.adapters.AdMogoAdapter: void finish()
com.admogo.obj.Custom
com.admogo.obj.Custom: int type
com.admogo.obj.Custom: java.lang.String link
com.admogo.obj.Custom: android.graphics.drawable.Drawable image
com.admogo.obj.Custom: java.lang.String imageLink
com.admogo.obj.Custom: java.lang.String description
com.admogo.obj.Custom: Custom()