virtualusb/proguard/mapping.txt
cn.domob.android.download.AppExchangeDownloader -> cn.domob.android.download.AppExchangeDownloader:
    android.content.Context a -> a
    android.app.Notification b -> b
    android.app.NotificationManager c -> c
    int d -> d
    int e -> e
    cn.domob.android.download.AppExchangeDownloaderListener f -> f
    java.lang.String g -> g
    int h -> h
    java.util.Hashtable Download_Map -> Download_Map
    java.util.Hashtable i -> i
    int j -> j
    java.lang.String Type_Cancel -> Type_Cancel
    java.lang.String Type_Install -> Type_Install
    java.lang.String Act_Type -> Act_Type
    java.lang.String App_Name -> App_Name
    java.lang.String App_Id -> App_Id
    java.lang.String App_Notify_Id -> App_Notify_Id
    java.lang.String App_Download_Path -> App_Download_Path
    java.lang.String k -> k
    java.lang.String l -> l
    java.lang.String m -> m
    android.app.PendingIntent n -> n
    android.os.Handler o -> o
    cn.domob.android.download.DownloadTask p -> p
    void downloadApp(java.lang.String,java.lang.String,android.content.Context,cn.domob.android.download.AppExchangeDownloaderListener) -> downloadApp
    cn.domob.android.download.AppExchangeDownloaderListener getDownloadListener() -> getDownloadListener
    android.content.Intent a(java.lang.String) -> a
    android.content.Intent appIsDownload(android.content.Context,java.lang.String,java.lang.String) -> appIsDownload
    void stopDownload() -> stopDownload
    java.lang.String b(java.lang.String) -> b
cn.domob.android.download.AppExchangeDownloader$a -> cn.domob.android.download.AppExchangeDownloader$a:
    cn.domob.android.download.AppExchangeDownloader a -> a
    void a(int) -> a
    void a(java.lang.String) -> a
cn.domob.android.download.AppExchangeDownloader$b -> cn.domob.android.download.AppExchangeDownloader$b:
    cn.domob.android.download.AppExchangeDownloader a -> a
    void a(long,long) -> a
    void a(java.lang.String) -> a
    void b(java.lang.String) -> b
    void c(java.lang.String) -> c
    void a() -> a
    void d(java.lang.String) -> d
cn.domob.android.download.AppExchangeDownloaderListener -> cn.domob.android.download.AppExchangeDownloaderListener:
    void onDownloadSuccess(java.lang.String) -> onDownloadSuccess
    void onDownloadFailed(int,java.lang.String) -> onDownloadFailed
    void onStartDownload() -> onStartDownload
    void onDownloadCanceled() -> onDownloadCanceled
cn.domob.android.download.DownloadTask -> cn.domob.android.download.DownloadTask:
    int a -> a
    int b -> b
    int c -> c
    int d -> d
    int e -> e
    cn.domob.android.download.AppExchangeDownloader$a f -> f
    boolean g -> g
    java.lang.String h -> h
    java.lang.String i -> i
    cn.domob.android.download.DownloadTask$TaskState j -> j
    void run() -> run
    void a() -> a
cn.domob.android.download.DownloadTask$TaskState -> cn.domob.android.download.DownloadTask$TaskState:
    boolean a -> a
cn.domob.android.download.FileDownloadThread -> cn.domob.android.download.FileDownloadThread:
    java.net.URL a -> a
    java.io.File b -> b
    int c -> c
    int d -> d
    int e -> e
    boolean f -> f
    int g -> g
    cn.domob.android.download.DownloadTask$TaskState h -> h
    cn.domob.android.download.AppExchangeDownloader$a i -> i
    void run() -> run
    boolean isFinished() -> isFinished
    int getDownloadSize() -> getDownloadSize
cn.domob.android.download.a -> cn.domob.android.download.a:
    cn.domob.android.download.AppExchangeDownloader a -> a
    void handleMessage(android.os.Message) -> handleMessage
cn.domob.android.download.b -> cn.domob.android.download.b:
    cn.domob.android.download.AppExchangeDownloader$b a -> a
    android.content.Context b -> b
    long c -> c
    java.lang.String d -> d
    java.lang.String e -> e
    boolean f -> f
    java.lang.String g -> g
    void run() -> run
    boolean b() -> b
    boolean c() -> c
    java.lang.String a() -> a
    boolean a(java.lang.String) -> a
    boolean b(java.lang.String) -> b